<?xml version="1.0" encoding="UTF-8"?>
<!-- Generated by org.testng.reporters.JUnitReportReporter -->
<testsuite hostname="PUNITP452526L" failures="0" tests="1" name="verificayionUsingTestng.VerifyCheckbox" time="36.037" errors="0" timestamp="2022-11-19T20:54:52 IST" skipped="0">
  <testcase classname="verificayionUsingTestng.VerifyCheckbox" name="f" time="36.037"/>
  <system-out/>
</testsuite> <!-- verificayionUsingTestng.VerifyCheckbox -->
