<?xml version="1.0" encoding="UTF-8"?>
<!-- Generated by org.testng.reporters.JUnitReportReporter -->
<testsuite hostname="PUNITP452526L" failures="0" tests="1" name="verificayionUsingTestng.AssertNotEquals" time="0.011" errors="0" timestamp="2022-11-23T19:28:25 IST" skipped="0">
  <testcase classname="verificayionUsingTestng.AssertNotEquals" name="AssertNotEqulsuse" time="0.011"/>
  <system-out>
    <![CDATA[s3 and s4 are not equal testcase passed]]>
  </system-out>
</testsuite> <!-- verificayionUsingTestng.AssertNotEquals -->
