<?xml version="1.0" encoding="UTF-8"?>
<!-- Generated by org.testng.reporters.JUnitReportReporter -->
<testsuite hostname="PUNITP452526L" failures="0" tests="1" name="neostoxValidateTC.ValidateUsernametc" time="16.682" errors="0" timestamp="2022-12-07T20:51:34 IST" skipped="0">
  <testcase classname="neostoxValidateTC.ValidateUsernametc" name="validateusernamem" time="16.682"/>
  <system-out>
    <![CDATA[getting actual userid
reading data from excel....]]>
  </system-out>
</testsuite> <!-- neostoxValidateTC.ValidateUsernametc -->
