<?xml version="1.0" encoding="UTF-8"?>
<!-- Generated by org.testng.reporters.JUnitReportReporter -->
<testsuite hostname="PUNITP452526L" failures="0" tests="4" name="testNGkeywords.Enabled" time="0.017" errors="0" timestamp="2022-11-14T16:40:55 IST" skipped="1">
  <testcase classname="testNGkeywords.Enabled" name="D" time="0.003"/>
  <system-out>
    <![CDATA[Test case D is done]]>
  </system-out>
  <testcase classname="testNGkeywords.Enabled" name="C" time="0.002"/>
  <system-out>
    <![CDATA[Test case C is done]]>
  </system-out>
  <testcase classname="testNGkeywords.Enabled" name="A" time="0.012"/>
  <system-out>
    <![CDATA[Test case A is done]]>
  </system-out>
  <testcase classname="testNGkeywords.Enabled" name="B">
    <skipped/>
  </testcase> <!-- B -->
  <system-out/>
</testsuite> <!-- testNGkeywords.Enabled -->
