<?xml version="1.0" encoding="UTF-8"?>
<!-- Generated by org.testng.reporters.JUnitReportReporter -->
<testsuite hostname="PUNITP452526L" failures="0" tests="1" name="verificayionUsingTestng.AssertTrue" time="0.014" errors="0" timestamp="2022-11-23T19:30:46 IST" skipped="0">
  <testcase classname="verificayionUsingTestng.AssertTrue" name="AssertTrueUse" time="0.014"/>
  <system-out/>
</testsuite> <!-- verificayionUsingTestng.AssertTrue -->
