<?xml version="1.0" encoding="UTF-8"?>
<!-- Generated by org.testng.reporters.JUnitReportReporter -->
<testsuite hostname="PUNITP452526L" failures="0" tests="2" name="testNG.Annoationstudy" time="0.023" errors="0" timestamp="2022-11-14T16:02:39 IST" skipped="0">
  <testcase classname="testNG.Annoationstudy" name="validatepin" time="0.015"/>
  <system-out>
    <![CDATA[pin validation done-->@Test is used]]>
  </system-out>
  <testcase classname="testNG.Annoationstudy" name="validateuserid" time="0.008"/>
  <system-out>
    <![CDATA[validate userid done--> @Test is used]]>
  </system-out>
</testsuite> <!-- testNG.Annoationstudy -->
