<?xml version="1.0" encoding="UTF-8"?>
<!-- Generated by org.testng.reporters.JUnitReportReporter -->
<testsuite hostname="PUNITP452526L" failures="0" tests="1" name="testNGxml.parallelserialexecution2" time="20.828" errors="0" timestamp="2022-11-16T20:04:54 IST" skipped="0">
  <testcase classname="testNGxml.parallelserialexecution2" name="vctctablehandling" time="20.828"/>
  <system-out/>
</testsuite> <!-- testNGxml.parallelserialexecution2 -->
