<?xml version="1.0" encoding="UTF-8"?>
<!-- Generated by org.testng.reporters.JUnitReportReporter -->
<testsuite hostname="PUNITP452526L" failures="0" tests="3" name="testNG.Test1" time="0.028" errors="0" timestamp="2022-11-16T19:31:24 IST" skipped="0">
  <testcase classname="testNG.Test1" name="D" time="0.001"/>
  <system-out>
    <![CDATA[test case D is passed]]>
  </system-out>
  <testcase classname="testNG.Test1" name="B" time="0.024"/>
  <system-out>
    <![CDATA[test case B is passed]]>
  </system-out>
  <testcase classname="testNG.Test1" name="C" time="0.003"/>
  <system-out>
    <![CDATA[test case C is passed]]>
  </system-out>
</testsuite> <!-- testNG.Test1 -->
