<?xml version="1.0" encoding="UTF-8"?>
<!-- Generated by org.testng.reporters.JUnitReportReporter -->
<testsuite hostname="PUNITP452526L" failures="0" tests="1" name="testNG.NewTest1" time="4.746" errors="0" timestamp="2022-11-15T20:13:37 IST" skipped="0">
  <testcase classname="testNG.NewTest1" name="browserlaunch" time="4.746"/>
  <system-out>
    <![CDATA[Browser launch successfully]]>
  </system-out>
</testsuite> <!-- testNG.NewTest1 -->
