<?xml version="1.0" encoding="UTF-8"?>
<!-- Generated by org.testng.reporters.JUnitReportReporter -->
<testsuite hostname="PUNITP452526L" failures="0" tests="2" name="testNGxml.grouping1" time="0.019" errors="0" timestamp="2022-11-16T19:44:34 IST" skipped="0">
  <testcase classname="testNGxml.grouping1" name="B" time="0.017"/>
  <system-out>
    <![CDATA[test case B is passed]]>
  </system-out>
  <testcase classname="testNGxml.grouping1" name="D" time="0.002"/>
  <system-out>
    <![CDATA[test case D is passed]]>
  </system-out>
</testsuite> <!-- testNGxml.grouping1 -->
