<?xml version="1.0" encoding="UTF-8"?>
<!-- Generated by org.testng.reporters.JUnitReportReporter -->
<testsuite hostname="PUNITP452526L" failures="0" tests="1" name="softassertusingTestNG.Assertequalsoft" time="0.025" errors="0" timestamp="2022-11-23T21:17:47 IST" skipped="0">
  <testcase classname="softassertusingTestNG.Assertequalsoft" name="verifyassertequals" time="0.025"/>
  <system-out>
    <![CDATA[a and b are equal then test case is passed
s1 and s2 are notequal then test case is failed]]>
  </system-out>
</testsuite> <!-- softassertusingTestNG.Assertequalsoft -->
