<?xml version="1.0" encoding="UTF-8"?>
<!-- Generated by org.testng.reporters.JUnitReportReporter -->
<testsuite hostname="PUNITP452526L" failures="0" tests="1" name="verificayionUsingTestng.AssertFalse" time="0.020" errors="0" timestamp="2022-11-23T19:31:51 IST" skipped="0">
  <testcase classname="verificayionUsingTestng.AssertFalse" name="AssertFalseUse" time="0.020"/>
  <system-out>
    <![CDATA[a is false then tc is passed ]]>
  </system-out>
</testsuite> <!-- verificayionUsingTestng.AssertFalse -->
