<?xml version="1.0" encoding="UTF-8"?>
<!-- Generated by org.testng.reporters.JUnitReportReporter -->
<testsuite hostname="PUNITP452526L" failures="0" tests="1" name="neostoxusingproperties.Validatingusernamewihproperties" time="13.641" errors="0" timestamp="2022-12-07T17:02:06 IST" skipped="0">
  <testcase classname="neostoxusingproperties.Validatingusernamewihproperties" name="validateusernamem" time="13.641"/>
  <system-out>
    <![CDATA[getting actual userid]]>
  </system-out>
</testsuite> <!-- neostoxusingproperties.Validatingusernamewihproperties -->
