<?xml version="1.0" encoding="UTF-8"?>
<!-- Generated by org.testng.reporters.JUnitReportReporter -->
<testsuite hostname="PUNITP452526L" failures="0" tests="1" name="verificayionUsingTestng.AssertNotNull" time="0.012" errors="0" timestamp="2022-11-23T19:37:37 IST" skipped="0">
  <testcase classname="verificayionUsingTestng.AssertNotNull" name="AssertNotNulluse" time="0.012"/>
  <system-out>
    <![CDATA[a is not null tc is passed]]>
  </system-out>
</testsuite> <!-- verificayionUsingTestng.AssertNotNull -->
