<?xml version="1.0" encoding="UTF-8"?>
<!-- Generated by org.testng.reporters.JUnitReportReporter -->
<testsuite hostname="PUNITP452526L" failures="0" tests="4" name="testNGkeywords.Priority" time="0.023" errors="0" timestamp="2022-11-14T16:25:23 IST" skipped="0">
  <testcase classname="testNGkeywords.Priority" name="C" time="0.016"/>
  <system-out>
    <![CDATA[test case C is done]]>
  </system-out>
  <testcase classname="testNGkeywords.Priority" name="D" time="0.002"/>
  <system-out>
    <![CDATA[Test case D is done]]>
  </system-out>
  <testcase classname="testNGkeywords.Priority" name="B" time="0.003"/>
  <system-out>
    <![CDATA[Test case B is done]]>
  </system-out>
  <testcase classname="testNGkeywords.Priority" name="A" time="0.002"/>
  <system-out>
    <![CDATA[Test case A is done]]>
  </system-out>
</testsuite> <!-- testNGkeywords.Priority -->
