<?xml version="1.0" encoding="UTF-8"?>
<!-- Generated by org.testng.reporters.JUnitReportReporter -->
<testsuite hostname="PUNITP452526L" failures="0" tests="1" name="verificayionUsingTestng.AssertEquals" time="0.009" errors="0" timestamp="2022-11-23T19:24:41 IST" skipped="0">
  <testcase classname="verificayionUsingTestng.AssertEquals" name="TC1" time="0.009"/>
  <system-out>
    <![CDATA[s1 and s2 are matching tc is passed]]>
  </system-out>
</testsuite> <!-- verificayionUsingTestng.AssertEquals -->
