<?xml version="1.0" encoding="UTF-8"?>
<!-- Generated by org.testng.reporters.JUnitReportReporter -->
<testsuite hostname="PUNITP452526L" failures="0" tests="4" name="testNGxml.grouping2" time="0.009" errors="0" timestamp="2022-11-16T19:44:34 IST" skipped="0">
  <testcase classname="testNGxml.grouping2" name="I" time="0.002"/>
  <system-out>
    <![CDATA[test case I is passed]]>
  </system-out>
  <testcase classname="testNGxml.grouping2" name="J" time="0.003"/>
  <system-out>
    <![CDATA[test case J is passed]]>
  </system-out>
  <testcase classname="testNGxml.grouping2" name="G" time="0.003"/>
  <system-out>
    <![CDATA[test case G is passed]]>
  </system-out>
  <testcase classname="testNGxml.grouping2" name="H" time="0.001"/>
  <system-out>
    <![CDATA[test case H is passed]]>
  </system-out>
</testsuite> <!-- testNGxml.grouping2 -->
