<?xml version="1.0" encoding="UTF-8"?>
<!-- Generated by org.testng.reporters.JUnitReportReporter -->
<testsuite hostname="PUNITP452526L" failures="0" tests="1" name="testNG.NewTest2" time="0.014" errors="0" timestamp="2022-11-13T18:53:16 IST" skipped="0">
  <testcase classname="testNG.NewTest2" name="display" time="0.014"/>
  <system-out>
    <![CDATA[hi, good night]]>
  </system-out>
</testsuite> <!-- testNG.NewTest2 -->
