<?xml version="1.0" encoding="UTF-8"?>
<!-- Generated by org.testng.reporters.JUnitReportReporter -->
<testsuite hostname="PUNITP452526L" failures="0" tests="1" name="testNGxml.parallelserialexecution1" time="85.758" errors="0" timestamp="2022-11-16T20:04:54 IST" skipped="0">
  <testcase classname="testNGxml.parallelserialexecution1" name="flipkartview" time="85.758"/>
  <system-out/>
</testsuite> <!-- testNGxml.parallelserialexecution1 -->
