<?xml version="1.0" encoding="UTF-8"?>
<!-- Generated by org.testng.reporters.JUnitReportReporter -->
<testsuite hostname="PUNITP452526L" failures="0" tests="3" name="testNG.Test2" time="0.011" errors="0" timestamp="2022-11-16T19:31:24 IST" skipped="0">
  <testcase classname="testNG.Test2" name="G" time="0.006"/>
  <system-out>
    <![CDATA[test case G is passed]]>
  </system-out>
  <testcase classname="testNG.Test2" name="I" time="0.003"/>
  <system-out>
    <![CDATA[test case I is passed]]>
  </system-out>
  <testcase classname="testNG.Test2" name="H" time="0.002"/>
  <system-out>
    <![CDATA[test case H is passed]]>
  </system-out>
</testsuite> <!-- testNG.Test2 -->
